[            Date / Time][                File][   TID][            Function][ Line][  Level]: [Message]
[2022.02.04-14:14:59.082][            elog.cpp][125010][                eLog][   37][   INFO]: Logging has been successfully started. Max log file size: 26214400KB
[2022.02.04-14:14:59.099][             sql.cpp][125010][                 Sql][   46][   INFO]: Sql constructor initialized.
[2022.02.04-14:14:59.099][       utilities.cpp][125010][           Utilities][   27][   INFO]: Utilities constructor initialized.
[2022.02.04-14:14:59.099][       utilities.cpp][125010][      WebsocketUtils][   53][   INFO]: WebSocketUtils constructor initialized.
[2022.02.04-14:14:59.099][       websocket.cpp][125010][           Websocket][   15][   INFO]: Websocket constructor initialized. mHost: stream.binance.com, mPort: 9443, mEndpoint: /ws/solbusd@kline_1m.
[2022.02.04-14:14:59.115][       websocket.cpp][125011][                init][   30][   INFO]: Websocket init function.
[2022.02.04-14:14:59.115][       websocket.cpp][125011][                 run][   60][   INFO]: BinanceWebsocket is running.
[2022.02.04-14:14:59.149][       websocket.cpp][125011][          on_resolve][   78][   INFO]: BinanceWebsocket on resolve.
[2022.02.04-14:14:59.500][       websocket.cpp][125011][          on_connect][   98][   INFO]: BinanceWebsocket connected successfully.
[2022.02.04-14:15:00.115][       websocket.cpp][125011][    on_ssl_handshake][  132][   INFO]: BinanceWebsocket SSL handshake did successfully.
[2022.02.04-14:15:00.524][       websocket.cpp][125011][        on_handshake][  166][   INFO]: BinanceWebsocket handshake did successfully.
[2022.02.04-14:15:01.651][       websocket.cpp][125011][             on_read][  185][   INFO]: BinanceWebsocket on read. 317
[2022.02.04-14:15:01.651][       websocket.cpp][125011][             on_read][  189][   INFO]: Reading buffer. 317
[2022.02.04-14:15:02.675][       websocket.cpp][125011][             on_read][  185][   INFO]: BinanceWebsocket on read. 316
[2022.02.04-14:15:02.675][       websocket.cpp][125011][             on_read][  189][   INFO]: Reading buffer. 316
[2022.02.04-14:15:05.235][       websocket.cpp][125011][             on_read][  185][   INFO]: BinanceWebsocket on read. 315
[2022.02.04-14:15:05.235][       websocket.cpp][125011][             on_read][  189][   INFO]: Reading buffer. 315
[2022.02.04-14:15:07.798][       websocket.cpp][125011][             on_read][  185][   INFO]: BinanceWebsocket on read. 315
[2022.02.04-14:15:07.798][       websocket.cpp][125011][             on_read][  189][   INFO]: Reading buffer. 315
[2022.02.04-14:15:10.780][       websocket.cpp][125011][             on_read][  185][   INFO]: BinanceWebsocket on read. 315
[2022.02.04-14:15:10.780][       websocket.cpp][125011][             on_read][  189][   INFO]: Reading buffer. 315
[2022.02.04-14:15:12.915][       websocket.cpp][125011][             on_read][  185][   INFO]: BinanceWebsocket on read. 315
[2022.02.04-14:15:12.915][       websocket.cpp][125011][             on_read][  189][   INFO]: Reading buffer. 315
[2022.02.04-14:15:15.782][       websocket.cpp][125011][             on_read][  185][   INFO]: BinanceWebsocket on read. 319
[2022.02.04-14:15:15.782][       websocket.cpp][125011][             on_read][  189][   INFO]: Reading buffer. 319
[2022.02.04-14:15:18.035][       websocket.cpp][125011][             on_read][  185][   INFO]: BinanceWebsocket on read. 320
[2022.02.04-14:15:18.035][       websocket.cpp][125011][             on_read][  189][   INFO]: Reading buffer. 320
[2022.02.04-14:15:20.083][       websocket.cpp][125011][             on_read][  185][   INFO]: BinanceWebsocket on read. 320
[2022.02.04-14:15:20.083][       websocket.cpp][125011][             on_read][  189][   INFO]: Reading buffer. 320
[2022.02.04-14:15:22.746][       websocket.cpp][125011][             on_read][  185][   INFO]: BinanceWebsocket on read. 320
[2022.02.04-14:15:22.746][       websocket.cpp][125011][             on_read][  189][   INFO]: Reading buffer. 320
[2022.02.04-14:15:24.794][       websocket.cpp][125011][             on_read][  185][   INFO]: BinanceWebsocket on read. 320
[2022.02.04-14:15:24.794][       websocket.cpp][125011][             on_read][  189][   INFO]: Reading buffer. 320
[2022.02.04-14:15:27.767][       websocket.cpp][125011][             on_read][  185][   INFO]: BinanceWebsocket on read. 320
[2022.02.04-14:15:27.767][       websocket.cpp][125011][             on_read][  189][   INFO]: Reading buffer. 320
[2022.02.04-14:15:32.064][       websocket.cpp][125011][             on_read][  185][   INFO]: BinanceWebsocket on read. 320
[2022.02.04-14:15:32.064][       websocket.cpp][125011][             on_read][  189][   INFO]: Reading buffer. 320
[2022.02.04-14:15:34.317][       websocket.cpp][125011][             on_read][  185][   INFO]: BinanceWebsocket on read. 320
[2022.02.04-14:15:34.317][       websocket.cpp][125011][             on_read][  189][   INFO]: Reading buffer. 320
[2022.02.04-14:15:36.877][       websocket.cpp][125011][             on_read][  185][   INFO]: BinanceWebsocket on read. 320
[2022.02.04-14:15:36.877][       websocket.cpp][125011][             on_read][  189][   INFO]: Reading buffer. 320
[2022.02.04-14:15:45.684][       websocket.cpp][125011][             on_read][  185][   INFO]: BinanceWebsocket on read. 320
[2022.02.04-14:15:45.684][       websocket.cpp][125011][             on_read][  189][   INFO]: Reading buffer. 320
[2022.02.04-14:15:48.756][       websocket.cpp][125011][             on_read][  185][   INFO]: BinanceWebsocket on read. 320
[2022.02.04-14:15:48.756][       websocket.cpp][125011][             on_read][  189][   INFO]: Reading buffer. 320
[2022.02.04-14:15:50.804][       websocket.cpp][125011][             on_read][  185][   INFO]: BinanceWebsocket on read. 320
[2022.02.04-14:15:50.804][       websocket.cpp][125011][             on_read][  189][   INFO]: Reading buffer. 320
[2022.02.04-14:15:53.261][       websocket.cpp][125011][             on_read][  185][   INFO]: BinanceWebsocket on read. 320
[2022.02.04-14:15:53.261][       websocket.cpp][125011][             on_read][  189][   INFO]: Reading buffer. 320
[2022.02.04-14:15:55.821][       websocket.cpp][125011][             on_read][  185][   INFO]: BinanceWebsocket on read. 320
[2022.02.04-14:15:55.821][       websocket.cpp][125011][             on_read][  189][   INFO]: Reading buffer. 320
[2022.02.04-14:15:58.791][       websocket.cpp][125011][             on_read][  185][   INFO]: BinanceWebsocket on read. 320
[2022.02.04-14:15:58.791][       websocket.cpp][125011][             on_read][  189][   INFO]: Reading buffer. 320
[2022.02.04-14:16:03.710][       websocket.cpp][125011][             on_read][  185][   INFO]: BinanceWebsocket on read. 319
[2022.02.04-14:16:03.710][       websocket.cpp][125011][             on_read][  189][   INFO]: Reading buffer. 319
[2022.02.04-14:16:05.857][       websocket.cpp][125011][             on_read][  185][   INFO]: BinanceWebsocket on read. 306
[2022.02.04-14:16:05.857][       websocket.cpp][125011][             on_read][  189][   INFO]: Reading buffer. 306
[2022.02.04-14:16:10.158][       websocket.cpp][125011][             on_read][  185][   INFO]: BinanceWebsocket on read. 307
[2022.02.04-14:16:10.158][       websocket.cpp][125011][             on_read][  189][   INFO]: Reading buffer. 307
[2022.02.04-14:16:12.820][       websocket.cpp][125011][             on_read][  185][   INFO]: BinanceWebsocket on read. 309
[2022.02.04-14:16:12.820][       websocket.cpp][125011][             on_read][  189][   INFO]: Reading buffer. 309
[2022.02.04-14:16:14.868][       websocket.cpp][125011][             on_read][  185][   INFO]: BinanceWebsocket on read. 313
[2022.02.04-14:16:14.868][       websocket.cpp][125011][             on_read][  189][   INFO]: Reading buffer. 313
[2022.02.04-14:16:17.940][       websocket.cpp][125011][             on_read][  185][   INFO]: BinanceWebsocket on read. 313
[2022.02.04-14:16:17.940][       websocket.cpp][125011][             on_read][  189][   INFO]: Reading buffer. 313
[2022.02.04-14:16:19.988][       websocket.cpp][125011][             on_read][  185][   INFO]: BinanceWebsocket on read. 313
[2022.02.04-14:16:19.989][       websocket.cpp][125011][             on_read][  189][   INFO]: Reading buffer. 313
[2022.02.04-14:16:23.880][       websocket.cpp][125011][             on_read][  185][   INFO]: BinanceWebsocket on read. 313
[2022.02.04-14:16:23.880][       websocket.cpp][125011][             on_read][  189][   INFO]: Reading buffer. 313
[2022.02.04-14:16:26.747][       websocket.cpp][125011][             on_read][  185][   INFO]: BinanceWebsocket on read. 313
[2022.02.04-14:16:26.747][       websocket.cpp][125011][             on_read][  189][   INFO]: Reading buffer. 313
[2022.02.04-14:16:29.000][       websocket.cpp][125011][             on_read][  185][   INFO]: BinanceWebsocket on read. 313
[2022.02.04-14:16:29.000][       websocket.cpp][125011][             on_read][  189][   INFO]: Reading buffer. 313
[2022.02.04-14:16:32.072][       websocket.cpp][125011][             on_read][  185][   INFO]: BinanceWebsocket on read. 313
[2022.02.04-14:16:32.072][       websocket.cpp][125011][             on_read][  189][   INFO]: Reading buffer. 313
[2022.02.04-14:16:35.963][       websocket.cpp][125011][             on_read][  185][   INFO]: BinanceWebsocket on read. 313
[2022.02.04-14:16:35.963][       websocket.cpp][125011][             on_read][  189][   INFO]: Reading buffer. 313
[2022.02.04-14:16:38.011][       websocket.cpp][125011][             on_read][  185][   INFO]: BinanceWebsocket on read. 314
[2022.02.04-14:16:38.011][       websocket.cpp][125011][             on_read][  189][   INFO]: Reading buffer. 314
[2022.02.04-14:16:40.981][       websocket.cpp][125011][             on_read][  185][   INFO]: BinanceWebsocket on read. 317
[2022.02.04-14:16:40.981][       websocket.cpp][125011][             on_read][  189][   INFO]: Reading buffer. 317
[2022.02.04-14:16:43.333][       websocket.cpp][125011][             on_read][  185][   INFO]: BinanceWebsocket on read. 317
[2022.02.04-14:16:43.333][       websocket.cpp][125011][             on_read][  189][   INFO]: Reading buffer. 317
[2022.02.04-14:16:45.998][       websocket.cpp][125011][             on_read][  185][   INFO]: BinanceWebsocket on read. 317
[2022.02.04-14:16:45.998][       websocket.cpp][125011][             on_read][  189][   INFO]: Reading buffer. 317
[2022.02.04-14:16:48.965][       websocket.cpp][125011][             on_read][  185][   INFO]: BinanceWebsocket on read. 317
[2022.02.04-14:16:48.965][       websocket.cpp][125011][             on_read][  189][   INFO]: Reading buffer. 317
[2022.02.04-14:16:52.040][       websocket.cpp][125011][             on_read][  185][   INFO]: BinanceWebsocket on read. 317
[2022.02.04-14:16:52.040][       websocket.cpp][125011][             on_read][  189][   INFO]: Reading buffer. 317
[2022.02.04-14:16:54.805][       websocket.cpp][125011][             on_read][  185][   INFO]: BinanceWebsocket on read. 317
[2022.02.04-14:16:54.805][       websocket.cpp][125011][             on_read][  189][   INFO]: Reading buffer. 317
[2022.02.04-14:16:57.160][       websocket.cpp][125011][             on_read][  185][   INFO]: BinanceWebsocket on read. 317
[2022.02.04-14:16:57.160][       websocket.cpp][125011][             on_read][  189][   INFO]: Reading buffer. 317
[2022.02.04-14:16:59.106][       websocket.cpp][125011][             on_read][  185][   INFO]: BinanceWebsocket on read. 317
[2022.02.04-14:16:59.106][       websocket.cpp][125011][             on_read][  189][   INFO]: Reading buffer. 317
[2022.02.04-14:17:02.075][       websocket.cpp][125011][             on_read][  185][   INFO]: BinanceWebsocket on read. 317
[2022.02.04-14:17:02.075][       websocket.cpp][125011][             on_read][  189][   INFO]: Reading buffer. 317
[2022.02.04-14:17:05.147][       websocket.cpp][125011][             on_read][  185][   INFO]: BinanceWebsocket on read. 316
[2022.02.04-14:17:05.147][       websocket.cpp][125011][             on_read][  189][   INFO]: Reading buffer. 316
[2022.02.04-14:17:08.117][       websocket.cpp][125011][             on_read][  185][   INFO]: BinanceWebsocket on read. 312
[2022.02.04-14:17:08.117][       websocket.cpp][125011][             on_read][  189][   INFO]: Reading buffer. 312
[2022.02.04-14:17:12.114][       websocket.cpp][125011][             on_read][  185][   INFO]: BinanceWebsocket on read. 312
[2022.02.04-14:17:12.114][       websocket.cpp][125011][             on_read][  189][   INFO]: Reading buffer. 312
[2022.02.04-14:17:15.080][       websocket.cpp][125011][             on_read][  185][   INFO]: BinanceWebsocket on read. 316
[2022.02.04-14:17:15.080][       websocket.cpp][125011][             on_read][  189][   INFO]: Reading buffer. 316
[2022.02.04-14:17:19.074][       websocket.cpp][125011][             on_read][  185][   INFO]: BinanceWebsocket on read. 316
[2022.02.04-14:17:19.074][       websocket.cpp][125011][             on_read][  189][   INFO]: Reading buffer. 316
[2022.02.04-14:17:22.143][       websocket.cpp][125011][             on_read][  185][   INFO]: BinanceWebsocket on read. 316
[2022.02.04-14:17:22.143][       websocket.cpp][125011][             on_read][  189][   INFO]: Reading buffer. 316
[2022.02.04-14:17:25.119][       websocket.cpp][125011][             on_read][  185][   INFO]: BinanceWebsocket on read. 317
[2022.02.04-14:17:25.119][       websocket.cpp][125011][             on_read][  189][   INFO]: Reading buffer. 317
[2022.02.04-14:17:40.783][       websocket.cpp][125011][             on_read][  185][   INFO]: BinanceWebsocket on read. 317
[2022.02.04-14:17:40.783][       websocket.cpp][125011][             on_read][  189][   INFO]: Reading buffer. 317
[2022.02.04-14:17:43.036][       websocket.cpp][125011][             on_read][  185][   INFO]: BinanceWebsocket on read. 317
[2022.02.04-14:17:43.036][       websocket.cpp][125011][             on_read][  189][   INFO]: Reading buffer. 317
[2022.02.04-14:17:45.186][       websocket.cpp][125011][             on_read][  185][   INFO]: BinanceWebsocket on read. 317
[2022.02.04-14:17:45.186][       websocket.cpp][125011][             on_read][  189][   INFO]: Reading buffer. 317
[2022.02.04-14:17:48.171][       websocket.cpp][125011][             on_read][  185][   INFO]: BinanceWebsocket on read. 317
[2022.02.04-14:17:48.171][       websocket.cpp][125011][             on_read][  189][   INFO]: Reading buffer. 317
[2022.02.04-14:17:50.306][       websocket.cpp][125011][             on_read][  185][   INFO]: BinanceWebsocket on read. 317
[2022.02.04-14:17:50.307][       websocket.cpp][125011][             on_read][  189][   INFO]: Reading buffer. 317
[2022.02.04-14:17:52.457][       websocket.cpp][125011][             on_read][  185][   INFO]: BinanceWebsocket on read. 317
[2022.02.04-14:17:52.457][       websocket.cpp][125011][             on_read][  189][   INFO]: Reading buffer. 317
[2022.02.04-14:17:55.222][       websocket.cpp][125011][             on_read][  185][   INFO]: BinanceWebsocket on read. 317
[2022.02.04-14:17:55.222][       websocket.cpp][125011][             on_read][  189][   INFO]: Reading buffer. 317
[2022.02.04-14:17:57.372][       websocket.cpp][125011][             on_read][  185][   INFO]: BinanceWebsocket on read. 317
[2022.02.04-14:17:57.372][       websocket.cpp][125011][             on_read][  189][   INFO]: Reading buffer. 317
[2022.02.04-14:17:59.318][       websocket.cpp][125011][             on_read][  185][   INFO]: BinanceWebsocket on read. 317
[2022.02.04-14:17:59.318][       websocket.cpp][125011][             on_read][  189][   INFO]: Reading buffer. 317
[2022.02.04-14:18:01.366][       websocket.cpp][125011][             on_read][  185][   INFO]: BinanceWebsocket on read. 317
[2022.02.04-14:18:01.366][       websocket.cpp][125011][             on_read][  189][   INFO]: Reading buffer. 317
[2022.02.04-14:18:03.721][       websocket.cpp][125011][             on_read][  185][   INFO]: BinanceWebsocket on read. 316
[2022.02.04-14:18:03.721][       websocket.cpp][125011][             on_read][  189][   INFO]: Reading buffer. 316
[2022.02.04-14:18:06.281][       websocket.cpp][125011][             on_read][  185][   INFO]: BinanceWebsocket on read. 308
[2022.02.04-14:18:06.281][       websocket.cpp][125011][             on_read][  189][   INFO]: Reading buffer. 308
[2022.02.04-14:18:19.081][       websocket.cpp][125011][             on_read][  185][   INFO]: BinanceWebsocket on read. 308
[2022.02.04-14:18:19.081][       websocket.cpp][125011][             on_read][  189][   INFO]: Reading buffer. 308
[2022.02.04-14:18:21.027][       websocket.cpp][125011][             on_read][  185][   INFO]: BinanceWebsocket on read. 312
[2022.02.04-14:18:21.027][       websocket.cpp][125011][             on_read][  189][   INFO]: Reading buffer. 312
[2022.02.04-14:18:24.406][       websocket.cpp][125011][             on_read][  185][   INFO]: BinanceWebsocket on read. 312
[2022.02.04-14:18:24.406][       websocket.cpp][125011][             on_read][  189][   INFO]: Reading buffer. 312
[2022.02.04-14:18:27.581][       websocket.cpp][125011][             on_read][  185][   INFO]: BinanceWebsocket on read. 312
[2022.02.04-14:18:27.581][       websocket.cpp][125011][             on_read][  189][   INFO]: Reading buffer. 312
[2022.02.04-14:18:31.369][       websocket.cpp][125011][             on_read][  185][   INFO]: BinanceWebsocket on read. 312
[2022.02.04-14:18:31.370][       websocket.cpp][125011][             on_read][  189][   INFO]: Reading buffer. 312
[2022.02.04-14:18:33.626][       websocket.cpp][125011][             on_read][  185][   INFO]: BinanceWebsocket on read. 312
[2022.02.04-14:18:33.626][       websocket.cpp][125011][             on_read][  189][   INFO]: Reading buffer. 312
[2022.02.04-14:18:36.592][       websocket.cpp][125011][             on_read][  185][   INFO]: BinanceWebsocket on read. 313
[2022.02.04-14:18:36.592][       websocket.cpp][125011][             on_read][  189][   INFO]: Reading buffer. 313
[2022.02.04-14:18:38.538][       websocket.cpp][125011][             on_read][  185][   INFO]: BinanceWebsocket on read. 317
[2022.02.04-14:18:38.538][       websocket.cpp][125011][             on_read][  189][   INFO]: Reading buffer. 317
[2022.02.04-14:18:41.405][       websocket.cpp][125011][             on_read][  185][   INFO]: BinanceWebsocket on read. 317
[2022.02.04-14:18:41.405][       websocket.cpp][125011][             on_read][  189][   INFO]: Reading buffer. 317
[2022.02.04-14:18:44.989][       websocket.cpp][125011][             on_read][  185][   INFO]: BinanceWebsocket on read. 318
[2022.02.04-14:18:44.989][       websocket.cpp][125011][             on_read][  189][   INFO]: Reading buffer. 318
[2022.02.04-14:18:48.368][       websocket.cpp][125011][             on_read][  185][   INFO]: BinanceWebsocket on read. 318
[2022.02.04-14:18:48.368][       websocket.cpp][125011][             on_read][  189][   INFO]: Reading buffer. 318
[2022.02.04-14:18:52.464][       websocket.cpp][125011][             on_read][  185][   INFO]: BinanceWebsocket on read. 318
[2022.02.04-14:18:52.465][       websocket.cpp][125011][             on_read][  189][   INFO]: Reading buffer. 318
[2022.02.04-14:18:55.536][       websocket.cpp][125011][             on_read][  185][   INFO]: BinanceWebsocket on read. 318
[2022.02.04-14:18:55.536][       websocket.cpp][125011][             on_read][  189][   INFO]: Reading buffer. 318
[2022.02.04-14:18:58.404][       websocket.cpp][125011][             on_read][  185][   INFO]: BinanceWebsocket on read. 318
[2022.02.04-14:18:58.404][       websocket.cpp][125011][             on_read][  189][   INFO]: Reading buffer. 318
[2022.02.04-14:19:00.455][       websocket.cpp][125011][             on_read][  185][   INFO]: BinanceWebsocket on read. 318
[2022.02.04-14:19:00.455][       websocket.cpp][125011][             on_read][  189][   INFO]: Reading buffer. 318
[2022.02.04-14:19:01.406][            main.cpp][125013][                 inp][   38][   INFO]: Pressed X. Exiting...
[2022.02.04-14:19:01.406][       utilities.cpp][125013][     ~WebsocketUtils][   63][   INFO]: WebsocketUtils destructor.
[2022.02.04-14:19:01.406][       utilities.cpp][125013][          ~Utilities][   39][   INFO]: Utilities destructor.
[2022.02.04-14:19:01.406][            elog.cpp][125013][               ~eLog][   70][   INFO]: Logging has been successfully terminated. Total log file: 1
